2025-06-05 08:42:25,535 [WARNING] No message mappings file found at messages.json. Using empty mappings.
2025-06-05 08:42:25,541 [INFO] Created a socket
2025-06-05 08:42:25,541 [INFO] Listening on CAN interface vcan0
2025-06-05 08:42:48,153 [ERROR] Unexpected error: string indices must be integers, not 'str'
2025-06-05 08:42:57,655 [WARNING] No message mappings file found at messages.json. Using empty mappings.
2025-06-05 08:42:57,661 [INFO] Created a socket
2025-06-05 08:42:57,661 [INFO] Listening on CAN interface vcan0
2025-06-05 08:43:06,144 [ERROR] Unexpected error: string indices must be integers, not 'str'
2025-06-05 08:50:58,103 [WARNING] Eski formatta veri bulundu: 0x123. Yeni formata çevriliyor.
2025-06-05 08:50:58,103 [WARNING] Eski formatta veri bulundu: 0x124. Yeni formata çevriliyor.
2025-06-05 08:50:58,103 [WARNING] Eski formatta veri bulundu: 0x125. Yeni formata çevriliyor.
2025-06-05 08:50:58,103 [WARNING] Eski formatta veri bulundu: 0x126. Yeni formata çevriliyor.
2025-06-05 08:50:58,104 [INFO] messages.json dosyası bulunamadı. Varsayılan mesaj eşlemeleri kullanılıyor.
2025-06-05 08:50:58,109 [INFO] Created a socket
2025-06-05 08:50:58,109 [INFO] vcan0 arayüzünde dinleme başlatıldı.
2025-06-05 08:50:58,109 [INFO] GÖNDERİLDİ [0x123] Kapı açma komutu | Veri: 1122334455667788
2025-06-05 08:50:58,109 [INFO] GÖNDERİLDİ [0x123] Kapı açma komutu | Veri: 1122334455667788
2025-06-05 08:51:28,801 [INFO] GELEN [0x123] Kapı açma komutu | Veri: 1122334455667788
2025-06-05 08:51:28,801 [INFO] GELEN [0x123] Kapı açma komutu | Veri: 1122334455667788
2025-06-05 08:51:50,332 [INFO] GELEN [0x123] Far açma komutu | Veri: 2200000000000000
2025-06-05 08:51:50,332 [INFO] GELEN [0x123] Far açma komutu | Veri: 2200000000000000
2025-06-05 08:52:45,825 [INFO] GELEN [0x123] Kapı açma komutu | Veri: 1122334455667788
2025-06-05 08:52:45,825 [INFO] GELEN [0x123] Kapı açma komutu | Veri: 1122334455667788
2025-06-05 08:53:16,141 [INFO] GELEN [0x123] Far açma komutu | Veri: 2200000000000000
2025-06-05 08:53:16,141 [INFO] GELEN [0x123] Far açma komutu | Veri: 2200000000000000
2025-06-05 20:41:27,554 [WARNING] Eski formatta veri bulundu: 0x123. Yeni formata çevriliyor.
2025-06-05 20:41:27,561 [WARNING] Eski formatta veri bulundu: 0x124. Yeni formata çevriliyor.
2025-06-05 20:41:27,578 [WARNING] Eski formatta veri bulundu: 0x125. Yeni formata çevriliyor.
2025-06-05 20:41:27,594 [WARNING] Eski formatta veri bulundu: 0x126. Yeni formata çevriliyor.
2025-06-05 20:41:27,611 [INFO] messages.json dosyası bulunamadı. Varsayılan mesaj eşlemeleri kullanılıyor.
2025-06-05 20:41:27,630 [INFO] vcan0 arayüzünde dinleme başlatıldı.
2025-06-05 20:41:27,644 [INFO] GÖNDERİLDİ [0x123] Kapı açma komutu | Veri: 1122334455667788
2025-06-05 20:41:27,661 [INFO] GÖNDERİLDİ [0x123] Kapı açma komutu | Veri: 1122334455667788
